<?xml version="1.0" encoding="UTF-8"?>
<testsuite name="SimpleBankSystemTest" tests="1" skipped="0" failures="0" errors="0" timestamp="2021-08-17T15:02:56" hostname="MacBook-Air" time="1.203">
  <properties/>
  <testcase name="start" classname="SimpleBankSystemTest" time="1.203"/>
  <system-out><![CDATA[?[1;31m
Start test 1?[0m
1. Create account
2. Log into account
0. Exit
> 0
Bye!
?[1;31m
Start test 2?[0m
1. Create account
2. Log into account
0. Exit
> 0
Bye!
?[1;31m
Start test 3?[0m
1. Create account
2. Log into account
0. Exit
> 0
Bye!
?[1;31m
Start test 4?[0m
1. Create account
2. Log into account
0. Exit
> 0
Bye!
?[1;31m
Start test 5?[0m
1. Create account
2. Log into account
0. Exit
> 1
Your card has been created
Your card number:
4000009043028565
Your card PIN:
5331
1. Create account
2. Log into account
0. Exit
> 1
Your card has been created
Your card number:
4000008500973412
Your card PIN:
2753
1. Create account
2. Log into account
0. Exit
> 1
Your card has been created
Your card number:
4000007752971728
Your card PIN:
0729
1. Create account
2. Log into account
0. Exit
> 1
Your card has been created
Your card number:
4000001826626095
Your card PIN:
5184
1. Create account
2. Log into account
0. Exit
> 1
Your card has been created
Your card number:
4000003010496988
Your card PIN:
9079
1. Create account
2. Log into account
0. Exit
> 0
Bye!
4000009043028565
4000008500973412
4000007752971728
4000001826626095
4000003010496988
?[1;31m
Start test 6?[0m
1. Create account
2. Log into account
0. Exit
> 1
Your card has been created
Your card number:
4000007201227383
Your card PIN:
2750
1. Create account
2. Log into account
0. Exit
> 2
Enter your card number:
> 4000007201227383
Enter your PIN:
> 2750
You have successfully logged in!
1. Balance
2. Add income
3. Do transfer
4. Close account
5. Log out
0. Exit
> 0
Bye!
?[1;31m
Start test 7?[0m
1. Create account
2. Log into account
0. Exit
> 1
Your card has been created
Your card number:
4000000518827631
Your card PIN:
9482
1. Create account
2. Log into account
0. Exit
> 2
Enter your card number:
> 4000000518827631
Enter your PIN:
> 7385
Wrong card number or PIN!
1. Create account
2. Log into account
0. Exit
> 0
Bye!
?[1;31m
Start test 8?[0m
1. Create account
2. Log into account
0. Exit
> 1
Your card has been created
Your card number:
4000004467647842
Your card PIN:
9955
1. Create account
2. Log into account
0. Exit
> 2
Enter your card number:
> 400000717052499
Enter your PIN:
> 9955
Wrong card number or PIN!
1. Create account
2. Log into account
0. Exit
> 0
Bye!
?[1;31m
Start test 9?[0m
1. Create account
2. Log into account
0. Exit
> 1
Your card has been created
Your card number:
4000002777765692
Your card PIN:
1133
1. Create account
2. Log into account
0. Exit
> 2
Enter your card number:
> 4000002777765692
Enter your PIN:
> 1133
You have successfully logged in!
1. Balance
2. Add income
3. Do transfer
4. Close account
5. Log out
0. Exit
> 1
1. Balance
2. Add income
3. Do transfer
4. Close account
5. Log out
0. Exit
> 0
Bye!
?[1;31m
Start test 10?[0m
1. Create account
2. Log into account
0. Exit
> 1
Your card has been created
Your card number:
4000004474123274
Your card PIN:
2292
1. Create account
2. Log into account
0. Exit
> 2
Enter your card number:
> 4000004474123274
Enter your PIN:
> 2292
You have successfully logged in!
1. Balance
2. Add income
3. Do transfer
4. Close account
5. Log out
0. Exit
> 2
Enter income:
> 10000
Income was added!
1. Balance
2. Add income
3. Do transfer
4. Close account
5. Log out
0. Exit
1. Balance
2. Add income
3. Do transfer
4. Close account
5. Log out
0. Exit
> 0
Bye!
1. Create account
2. Log into account
0. Exit
> 2
Enter your card number:
> 4000004474123274
Enter your PIN:
> 2292
You have successfully logged in!
1. Balance
2. Add income
3. Do transfer
4. Close account
5. Log out
0. Exit
> 2
Enter income:
> 15000
Income was added!
1. Balance
2. Add income
3. Do transfer
4. Close account
5. Log out
0. Exit
1. Balance
2. Add income
3. Do transfer
4. Close account
5. Log out
0. Exit
> 0
Bye!
?[1;31m
Start test 11?[0m
1. Create account
2. Log into account
0. Exit
> 1
Your card has been created
Your card number:
4000007710332005
Your card PIN:
5305
1. Create account
2. Log into account
0. Exit
> 1
Your card has been created
Your card number:
4000008465178882
Your card PIN:
4064
1. Create account
2. Log into account
0. Exit
> 2
Enter your card number:
> 4000008465178882
Enter your PIN:
> 4064
You have successfully logged in!
1. Balance
2. Add income
3. Do transfer
4. Close account
5. Log out
0. Exit
> 3
Transfer
Enter card number:
> 2000007269641764
Probably you made mistake in the card number. Please try again!
1. Balance
2. Add income
3. Do transfer
4. Close account
5. Log out
0. Exit
> 3
Transfer
Enter card number:
> 2000007269641768
Such a card does not exist.
1. Balance
2. Add income
3. Do transfer
4. Close account
5. Log out
0. Exit
> 3
Transfer
Enter card number:
> 4000007710332005
You have successfully logged in!
Enter how much money you want to transfer:
> 100000
Not enough money!
1. Balance
2. Add income
3. Do transfer
4. Close account
5. Log out
0. Exit
1. Balance
2. Add income
3. Do transfer
4. Close account
5. Log out
0. Exit
> 2
Enter income:
> 20000
Income was added!
1. Balance
2. Add income
3. Do transfer
4. Close account
5. Log out
0. Exit
1. Balance
2. Add income
3. Do transfer
4. Close account
5. Log out
0. Exit
> 3
Transfer
Enter card number:
> 4000007710332005
You have successfully logged in!
Enter how much money you want to transfer:
> 10000
1. Balance
2. Add income
3. Do transfer
4. Close account
5. Log out
0. Exit
1. Balance
2. Add income
3. Do transfer
4. Close account
5. Log out
0. Exit
> 0
Bye!
?[1;31m
Start test 12?[0m
1. Create account
2. Log into account
0. Exit
> 1
Your card has been created
Your card number:
4000007374992722
Your card PIN:
9196
1. Create account
2. Log into account
0. Exit
> 2
Enter your card number:
> 4000007374992722
Enter your PIN:
> 9196
You have successfully logged in!
1. Balance
2. Add income
3. Do transfer
4. Close account
5. Log out
0. Exit
> 4
The account has been closed!
1. Balance
2. Add income
3. Do transfer
4. Close account
5. Log out
0. Exit
> 0
Bye!
]]></system-out>
  <system-err><![CDATA[java.sql.SQLException: column 4 out of bounds [1,1]
	at org.sqlite.core.CoreResultSet.checkCol(CoreResultSet.java:84)
	at org.sqlite.core.CoreResultSet.markCol(CoreResultSet.java:97)
	at org.sqlite.jdbc3.JDBC3ResultSet.getString(JDBC3ResultSet.java:430)
	at banking.Main.getBalanceFromDatabase(Main.java:430)
	at banking.Main.runProgram(Main.java:121)
	at banking.Main.main(Main.java:557)
	at java.base/jdk.internal.reflect.NativeMethodAccessorImpl.invoke0(Native Method)
	at java.base/jdk.internal.reflect.NativeMethodAccessorImpl.invoke(NativeMethodAccessorImpl.java:62)
	at java.base/jdk.internal.reflect.DelegatingMethodAccessorImpl.invoke(DelegatingMethodAccessorImpl.java:43)
	at java.base/java.lang.reflect.Method.invoke(Method.java:566)
	at org.hyperskill.hstest.testing.execution.MainMethodExecutor.invokeMain(MainMethodExecutor.java:173)
	at org.hyperskill.hstest.testing.execution.MainMethodExecutor.lambda$launch$0(MainMethodExecutor.java:200)
	at java.base/java.util.concurrent.Executors$RunnableAdapter.call(Executors.java:515)
	at java.base/java.util.concurrent.FutureTask.run(FutureTask.java:264)
	at java.base/java.util.concurrent.ThreadPoolExecutor.runWorker(ThreadPoolExecutor.java:1128)
	at java.base/java.util.concurrent.ThreadPoolExecutor$Worker.run(ThreadPoolExecutor.java:628)
	at java.base/java.lang.Thread.run(Thread.java:829)
]]></system-err>
</testsuite>
